
> vibe-generated-app@1.0.0 dev
> vite


  VITE v5.4.20  ready in 195 ms

  ➜  Local:   http://localhost:3000/
  ➜  Network: http://172.20.61.135:3000/
4:25:24 AM [vite] Pre-transform error: Failed to resolve import "react-helmet-async" from "src/App.jsx". Does the file exist?
4:25:25 AM [vite] Internal server error: Failed to resolve import "react-helmet-async" from "src/App.jsx". Does the file exist?
  Plugin: vite:import-analysis
  File: /home/workspace/src/App.jsx:6:39
  5  |  import { Search as SearchIcon, ArrowLeft, ZoomIn, ZoomOut, RotateCcw, Download } from "lucide-react";
  6  |  import { useNavigate, Routes, Route, Link, useParams } from "react-router-dom";
  7  |  import { Helmet, HelmetProvider } from "react-helmet-async";
     |                                          ^
  8  |  import { Document, Page, pdfjs } from "react-pdf";
  9  |  const API = import.meta.env.VITE_BACKEND_URL || "http://localhost:8000";
      at TransformPluginContext._formatError (file:///home/workspace/node_modules/vite/dist/node/chunks/dep-D_zLpgQd.js:49258:41)
      at TransformPluginContext.error (file:///home/workspace/node_modules/vite/dist/node/chunks/dep-D_zLpgQd.js:49253:16)
      at normalizeUrl (file:///home/workspace/node_modules/vite/dist/node/chunks/dep-D_zLpgQd.js:64306:23)
      at process.processTicksAndRejections (node:internal/process/task_queues:105:5)
      at async file:///home/workspace/node_modules/vite/dist/node/chunks/dep-D_zLpgQd.js:64438:39
      at async Promise.all (index 6)
      at async TransformPluginContext.transform (file:///home/workspace/node_modules/vite/dist/node/chunks/dep-D_zLpgQd.js:64365:7)
      at async PluginContainer.transform (file:///home/workspace/node_modules/vite/dist/node/chunks/dep-D_zLpgQd.js:49099:18)
      at async loadAndTransform (file:///home/workspace/node_modules/vite/dist/node/chunks/dep-D_zLpgQd.js:51977:27)
      at async viteTransformMiddleware (file:///home/workspace/node_modules/vite/dist/node/chunks/dep-D_zLpgQd.js:62105:24)
4:25:53 AM [vite] Internal server error: Failed to resolve import "react-helmet-async" from "src/App.jsx". Does the file exist?
  Plugin: vite:import-analysis
  File: /home/workspace/src/App.jsx:6:39
  5  |  import { Search as SearchIcon, ArrowLeft, ZoomIn, ZoomOut, RotateCcw, Download } from "lucide-react";
  6  |  import { useNavigate, Routes, Route, Link, useParams } from "react-router-dom";
  7  |  import { Helmet, HelmetProvider } from "react-helmet-async";
     |                                          ^
  8  |  import { Document, Page, pdfjs } from "react-pdf";
  9  |  const API = import.meta.env.VITE_BACKEND_URL || "http://localhost:8000";
      at TransformPluginContext._formatError (file:///home/workspace/node_modules/vite/dist/node/chunks/dep-D_zLpgQd.js:49258:41)
      at TransformPluginContext.error (file:///home/workspace/node_modules/vite/dist/node/chunks/dep-D_zLpgQd.js:49253:16)
      at normalizeUrl (file:///home/workspace/node_modules/vite/dist/node/chunks/dep-D_zLpgQd.js:64306:23)
      at process.processTicksAndRejections (node:internal/process/task_queues:105:5)
      at async file:///home/workspace/node_modules/vite/dist/node/chunks/dep-D_zLpgQd.js:64438:39
      at async Promise.all (index 6)
      at async TransformPluginContext.transform (file:///home/workspace/node_modules/vite/dist/node/chunks/dep-D_zLpgQd.js:64365:7)
      at async PluginContainer.transform (file:///home/workspace/node_modules/vite/dist/node/chunks/dep-D_zLpgQd.js:49099:18)
      at async loadAndTransform (file:///home/workspace/node_modules/vite/dist/node/chunks/dep-D_zLpgQd.js:51977:27)
      at async viteTransformMiddleware (file:///home/workspace/node_modules/vite/dist/node/chunks/dep-D_zLpgQd.js:62105:24)
